#
# A fatal error has been detected by the Java Runtime Environment:
#
#  EXCEPTION_ACCESS_VIOLATION (0xc0000005) at pc=0x164608fc, pid=7380, tid=0x0000314c
#
# JRE version: Java(TM) SE Runtime Environment (8.0_101-b13) (build 1.8.0_101-b13)
# Java VM: Java HotSpot(TM) Client VM (25.101-b13 mixed mode, sharing windows-x86 )
# Problematic frame:
# C  [ig9icd32.dll+0x2508fc]
#
# Failed to write core dump. Minidumps are not enabled by default on client versions of Windows
#
# If you would like to submit a bug report, please visit:
#   http://bugreport.java.com/bugreport/crash.jsp
# The crash happened outside the Java Virtual Machine in native code.
# See problematic frame for where to report the bug.
#

---------------  T H R E A D  ---------------

Current thread (0x00d9d000):  JavaThread "main" [_thread_in_native, id=12620, stack(0x00da0000,0x00df0000)]

siginfo: ExceptionCode=0xc0000005, reading address 0x00000018

Registers:
EAX=0x00000000, EBX=0x007a43c0, ECX=0x00782118, EDX=0x00000000
ESP=0x00dedda4, EBP=0x00deee70, ESI=0x007821ac, EDI=0x00782118
EIP=0x164608fc, EFLAGS=0x00010246

Top of Stack: (sp=0x00dedda4)
0x00dedda4:   007a43c0 4fd167d0 00000000 00000000
0x00deddb4:   00104000 00000000 00000000 00000000
0x00deddc4:   00104000 00000000 00000000 00000000
0x00deddd4:   00104000 00000000 00000000 00000000
0x00dedde4:   00104000 00000000 00000000 00000000
0x00deddf4:   00104000 00000000 00000000 00000000
0x00dede04:   00104000 00000000 00000000 00000000
0x00dede14:   00104000 00000000 00000000 00000000 

Instructions: (pc=0x164608fc)
0x164608dc:   8d 45 ec 50 6a 04 ff 76 94 6a 01 e8 f4 5e 39 00
0x164608ec:   83 c4 10 a8 02 0f 85 4b 0a 00 00 8b 45 ec 8b cf
0x164608fc:   8b 40 18 89 46 90 e8 39 02 19 00 8b 46 90 8b 40
0x1646090c:   04 8b 48 50 89 8e 78 ff ff ff 8d 41 20 85 c0 74 


Register to memory mapping:

EAX=0x00000000 is an unknown value
EBX=0x007a43c0 is an unknown value
ECX=0x00782118 is an unknown value
EDX=0x00000000 is an unknown value
ESP=0x00dedda4 is pointing into the stack for thread: 0x00d9d000
EBP=0x00deee70 is pointing into the stack for thread: 0x00d9d000
ESI=0x007821ac is an unknown value
EDI=0x00782118 is an unknown value


Stack: [0x00da0000,0x00df0000],  sp=0x00dedda4,  free space=311k
Native frames: (J=compiled Java code, j=interpreted, Vv=VM code, C=native code)
C  [ig9icd32.dll+0x2508fc]
C  [ig9icd32.dll+0x23b756]
C  [ig9icd32.dll+0x3e40f6]
C  [ig9icd32.dll+0x3e535d]
C  [ig9icd32.dll+0x28d781]
C  [ig9icd32.dll+0x80c42]
C  [ig9icd32.dll+0x29e735]
C  [ig9icd32.dll+0x29f12e]
C  [ig9icd32.dll+0x43a1c6]
C  [lwjgl.dll+0x99b9]
J 181 C1 GLtile.render()V (140 bytes) @ 0x0261b5e0 [0x0261b4c0+0x120]
J 646 C1 TilemapEditor.RENDER(D)V (434 bytes) @ 0x026bedb0 [0x026be620+0x790]
j  TilemapEditor.start()V+45
j  TilemapEditor.main([Ljava/lang/String;)V+6
v  ~StubRoutines::call_stub
V  [jvm.dll+0x15a2e5]
V  [jvm.dll+0x21ff6e]
V  [jvm.dll+0x15a37e]
V  [jvm.dll+0x166bc8]
V  [jvm.dll+0x166e33]
V  [jvm.dll+0x103623]
C  [java.dll+0x3b26]
j  sun.reflect.NativeMethodAccessorImpl.invoke(Ljava/lang/Object;[Ljava/lang/Object;)Ljava/lang/Object;+100
j  sun.reflect.DelegatingMethodAccessorImpl.invoke(Ljava/lang/Object;[Ljava/lang/Object;)Ljava/lang/Object;+6
j  java.lang.reflect.Method.invoke(Ljava/lang/Object;[Ljava/lang/Object;)Ljava/lang/Object;+56
j  com.intellij.rt.execution.application.AppMain.main([Ljava/lang/String;)V+170
v  ~StubRoutines::call_stub
V  [jvm.dll+0x15a2e5]
V  [jvm.dll+0x21ff6e]
V  [jvm.dll+0x15a37e]
V  [jvm.dll+0xdbf47]
V  [jvm.dll+0xe44df]
C  [java.exe+0x229e]
C  [java.exe+0xaeaf]
C  [java.exe+0xaf39]
C  [KERNEL32.DLL+0x162c4]
C  [ntdll.dll+0x60fd9]
C  [ntdll.dll+0x60fa4]
C  0x00000000

Java frames: (J=compiled Java code, j=interpreted, Vv=VM code)
J 189  org.lwjgl.opengl.GL11.nglBegin(IJ)V (0 bytes) @ 0x026215ab [0x02621560+0x4b]
J 181 C1 GLtile.render()V (140 bytes) @ 0x0261b5e0 [0x0261b4c0+0x120]
J 646 C1 TilemapEditor.RENDER(D)V (434 bytes) @ 0x026bedb0 [0x026be620+0x790]
j  TilemapEditor.start()V+45
j  TilemapEditor.main([Ljava/lang/String;)V+6
v  ~StubRoutines::call_stub
j  sun.reflect.NativeMethodAccessorImpl.invoke0(Ljava/lang/reflect/Method;Ljava/lang/Object;[Ljava/lang/Object;)Ljava/lang/Object;+0
j  sun.reflect.NativeMethodAccessorImpl.invoke(Ljava/lang/Object;[Ljava/lang/Object;)Ljava/lang/Object;+100
j  sun.reflect.DelegatingMethodAccessorImpl.invoke(Ljava/lang/Object;[Ljava/lang/Object;)Ljava/lang/Object;+6
j  java.lang.reflect.Method.invoke(Ljava/lang/Object;[Ljava/lang/Object;)Ljava/lang/Object;+56
j  com.intellij.rt.execution.application.AppMain.main([Ljava/lang/String;)V+170
v  ~StubRoutines::call_stub

---------------  P R O C E S S  ---------------

Java Threads: ( => current thread )
  0x1c091000 JavaThread "Java2D Disposer" daemon [_thread_blocked, id=13040, stack(0x1cc20000,0x1cc70000)]
  0x15c77c00 JavaThread "LWJGL Timer" daemon [_thread_blocked, id=1236, stack(0x1c490000,0x1c4e0000)]
  0x15b60400 JavaThread "Monitor Ctrl-Break" daemon [_thread_in_native, id=7564, stack(0x15e10000,0x15e60000)]
  0x00f35000 JavaThread "Service Thread" daemon [_thread_blocked, id=224, stack(0x159b0000,0x15a00000)]
  0x00f11000 JavaThread "C1 CompilerThread0" daemon [_thread_blocked, id=11572, stack(0x15390000,0x153e0000)]
  0x00f10000 JavaThread "Attach Listener" daemon [_thread_blocked, id=3548, stack(0x15300000,0x15350000)]
  0x00f0e000 JavaThread "Signal Dispatcher" daemon [_thread_blocked, id=10836, stack(0x15270000,0x152c0000)]
  0x00f05000 JavaThread "Finalizer" daemon [_thread_blocked, id=12484, stack(0x14650000,0x146a0000)]
  0x00ea8400 JavaThread "Reference Handler" daemon [_thread_blocked, id=10764, stack(0x14600000,0x14650000)]
=>0x00d9d000 JavaThread "main" [_thread_in_native, id=12620, stack(0x00da0000,0x00df0000)]

Other Threads:
  0x00ea5000 VMThread [stack: 0x04530000,0x04580000] [id=4080]
  0x00f3dc00 WatcherThread [stack: 0x15a40000,0x15a90000] [id=10444]

VM state:not at safepoint (normal execution)

VM Mutex/Monitor currently owned by a thread: None

Heap:
 def new generation   total 21632K, used 10218K [0x04600000, 0x05d70000, 0x09b50000)
  eden space 19264K,  46% used [0x04600000, 0x04eab630, 0x058d0000)
  from space 2368K,  56% used [0x05b20000, 0x05c6f378, 0x05d70000)
  to   space 2368K,   0% used [0x058d0000, 0x058d0000, 0x05b20000)
 tenured generation   total 47872K, used 34014K [0x09b50000, 0x0ca10000, 0x14600000)
   the space 47872K,  71% used [0x09b50000, 0x0bc87900, 0x0bc87a00, 0x0ca10000)
 Metaspace       used 1638K, capacity 3267K, committed 3392K, reserved 4480K

Card table byte_map: [0x01000000,0x01090000] byte_map_base: 0x00fdd000

Polling page: 0x00df0000

CodeCache: size=32768Kb used=1955Kb max_used=1955Kb free=30812Kb
 bounds [0x02530000, 0x02720000, 0x04530000]
 total_blobs=1071 nmethods=817 adapters=185
 compilation: enabled

Compilation events (10 events):
Event: 115.006 Thread 0x00f11000  815   !         org.lwjgl.opengl.WindowsDisplay::updateClipping (97 bytes)
Event: 115.007 Thread 0x00f11000 nmethod 815 0x02717848 code [0x027179e0, 0x02717eec]
Event: 115.008 Thread 0x00f11000  816   !         org.lwjgl.opengl.WindowsDisplay::resetCursorClipping (41 bytes)
Event: 115.009 Thread 0x00f11000 nmethod 816 0x02718248 code [0x02718390, 0x0271860c]
Event: 133.409 Thread 0x00f11000  817             java.lang.IndexOutOfBoundsException::<init> (6 bytes)
Event: 133.409 Thread 0x00f11000 nmethod 817 0x027187c8 code [0x027188c0, 0x0271894c]
Event: 138.170 Thread 0x00f11000  818             java.lang.ArrayIndexOutOfBoundsException::<init> (6 bytes)
Event: 138.171 Thread 0x00f11000 nmethod 818 0x027189c8 code [0x02718ac0, 0x02718b4c]
Event: 150.135 Thread 0x00f11000  819             java.lang.Throwable::<init> (34 bytes)
Event: 150.136 Thread 0x00f11000 nmethod 819 0x02718c08 code [0x02718d10, 0x02718f9c]

GC Heap History (10 events):
Event: 440.590 GC heap before
{Heap before GC invocations=594 (full 5):
 def new generation   total 21632K, used 20466K [0x04600000, 0x05d70000, 0x09b50000)
  eden space 19264K, 100% used [0x04600000, 0x058d0000, 0x058d0000)
  from space 2368K,  50% used [0x058d0000, 0x059fc9f8, 0x05b20000)
  to   space 2368K,   0% used [0x05b20000, 0x05b20000, 0x05d70000)
 tenured generation   total 47872K, used 33427K [0x09b50000, 0x0ca10000, 0x14600000)
   the space 47872K,  69% used [0x09b50000, 0x0bbf4d20, 0x0bbf4e00, 0x0ca10000)
 Metaspace       used 1638K, capacity 3267K, committed 3392K, reserved 4480K
Event: 440.596 GC heap after
Heap after GC invocations=595 (full 5):
 def new generation   total 21632K, used 1208K [0x04600000, 0x05d70000, 0x09b50000)
  eden space 19264K,   0% used [0x04600000, 0x04600000, 0x058d0000)
  from space 2368K,  51% used [0x05b20000, 0x05c4e118, 0x05d70000)
  to   space 2368K,   0% used [0x058d0000, 0x058d0000, 0x05b20000)
 tenured generation   total 47872K, used 33573K [0x09b50000, 0x0ca10000, 0x14600000)
   the space 47872K,  70% used [0x09b50000, 0x0bc19640, 0x0bc19800, 0x0ca10000)
 Metaspace       used 1638K, capacity 3267K, committed 3392K, reserved 4480K
}
Event: 441.887 GC heap before
{Heap before GC invocations=595 (full 5):
 def new generation   total 21632K, used 20472K [0x04600000, 0x05d70000, 0x09b50000)
  eden space 19264K, 100% used [0x04600000, 0x058d0000, 0x058d0000)
  from space 2368K,  51% used [0x05b20000, 0x05c4e118, 0x05d70000)
  to   space 2368K,   0% used [0x058d0000, 0x058d0000, 0x05b20000)
 tenured generation   total 47872K, used 33573K [0x09b50000, 0x0ca10000, 0x14600000)
   the space 47872K,  70% used [0x09b50000, 0x0bc19640, 0x0bc19800, 0x0ca10000)
 Metaspace       used 1638K, capacity 3267K, committed 3392K, reserved 4480K
Event: 441.895 GC heap after
Heap after GC invocations=596 (full 5):
 def new generation   total 21632K, used 1186K [0x04600000, 0x05d70000, 0x09b50000)
  eden space 19264K,   0% used [0x04600000, 0x04600000, 0x058d0000)
  from space 2368K,  50% used [0x058d0000, 0x059f8828, 0x05b20000)
  to   space 2368K,   0% used [0x05b20000, 0x05b20000, 0x05d70000)
 tenured generation   total 47872K, used 33720K [0x09b50000, 0x0ca10000, 0x14600000)
   the space 47872K,  70% used [0x09b50000, 0x0bc3e288, 0x0bc3e400, 0x0ca10000)
 Metaspace       used 1638K, capacity 3267K, committed 3392K, reserved 4480K
}
Event: 443.239 GC heap before
{Heap before GC invocations=596 (full 5):
 def new generation   total 21632K, used 20450K [0x04600000, 0x05d70000, 0x09b50000)
  eden space 19264K, 100% used [0x04600000, 0x058d0000, 0x058d0000)
  from space 2368K,  50% used [0x058d0000, 0x059f8828, 0x05b20000)
  to   space 2368K,   0% used [0x05b20000, 0x05b20000, 0x05d70000)
 tenured generation   total 47872K, used 33720K [0x09b50000, 0x0ca10000, 0x14600000)
   the space 47872K,  70% used [0x09b50000, 0x0bc3e288, 0x0bc3e400, 0x0ca10000)
 Metaspace       used 1638K, capacity 3267K, committed 3392K, reserved 4480K
Event: 443.251 GC heap after
Heap after GC invocations=597 (full 5):
 def new generation   total 21632K, used 1186K [0x04600000, 0x05d70000, 0x09b50000)
  eden space 19264K,   0% used [0x04600000, 0x04600000, 0x058d0000)
  from space 2368K,  50% used [0x05b20000, 0x05c48970, 0x05d70000)
  to   space 2368K,   0% used [0x058d0000, 0x058d0000, 0x05b20000)
 tenured generation   total 47872K, used 33867K [0x09b50000, 0x0ca10000, 0x14600000)
   the space 47872K,  70% used [0x09b50000, 0x0bc62c60, 0x0bc62e00, 0x0ca10000)
 Metaspace       used 1638K, capacity 3267K, committed 3392K, reserved 4480K
}
Event: 445.507 GC heap before
{Heap before GC invocations=597 (full 5):
 def new generation   total 21632K, used 20450K [0x04600000, 0x05d70000, 0x09b50000)
  eden space 19264K, 100% used [0x04600000, 0x058d0000, 0x058d0000)
  from space 2368K,  50% used [0x05b20000, 0x05c48970, 0x05d70000)
  to   space 2368K,   0% used [0x058d0000, 0x058d0000, 0x05b20000)
 tenured generation   total 47872K, used 33867K [0x09b50000, 0x0ca10000, 0x14600000)
   the space 47872K,  70% used [0x09b50000, 0x0bc62c60, 0x0bc62e00, 0x0ca10000)
 Metaspace       used 1638K, capacity 3267K, committed 3392K, reserved 4480K
Event: 445.513 GC heap after
Heap after GC invocations=598 (full 5):
 def new generation   total 21632K, used 1183K [0x04600000, 0x05d70000, 0x09b50000)
  eden space 19264K,   0% used [0x04600000, 0x04600000, 0x058d0000)
  from space 2368K,  49% used [0x058d0000, 0x059f7fc0, 0x05b20000)
  to   space 2368K,   0% used [0x05b20000, 0x05b20000, 0x05d70000)
 tenured generation   total 47872K, used 34014K [0x09b50000, 0x0ca10000, 0x14600000)
   the space 47872K,  71% used [0x09b50000, 0x0bc87900, 0x0bc87a00, 0x0ca10000)
 Metaspace       used 1638K, capacity 3267K, committed 3392K, reserved 4480K
}
Event: 446.063 GC heap before
{Heap before GC invocations=598 (full 5):
 def new generation   total 21632K, used 20447K [0x04600000, 0x05d70000, 0x09b50000)
  eden space 19264K, 100% used [0x04600000, 0x058d0000, 0x058d0000)
  from space 2368K,  49% used [0x058d0000, 0x059f7fc0, 0x05b20000)
  to   space 2368K,   0% used [0x05b20000, 0x05b20000, 0x05d70000)
 tenured generation   total 47872K, used 34014K [0x09b50000, 0x0ca10000, 0x14600000)
   the space 47872K,  71% used [0x09b50000, 0x0bc87900, 0x0bc87a00, 0x0ca10000)
 Metaspace       used 1638K, capacity 3267K, committed 3392K, reserved 4480K
Event: 446.071 GC heap after
Heap after GC invocations=599 (full 5):
 def new generation   total 21632K, used 1340K [0x04600000, 0x05d70000, 0x09b50000)
  eden space 19264K,   0% used [0x04600000, 0x04600000, 0x058d0000)
  from space 2368K,  56% used [0x05b20000, 0x05c6f378, 0x05d70000)
  to   space 2368K,   0% used [0x058d0000, 0x058d0000, 0x05b20000)
 tenured generation   total 47872K, used 34014K [0x09b50000, 0x0ca10000, 0x14600000)
   the space 47872K,  71% used [0x09b50000, 0x0bc87900, 0x0bc87a00, 0x0ca10000)
 Metaspace       used 1638K, capacity 3267K, committed 3392K, reserved 4480K
}

Deoptimization events (0 events):
No events

Internal exceptions (10 events):
Event: 446.366 Thread 0x00d9d000 Exception <a 'java/lang/ArrayIndexOutOfBoundsException'> (0x04e511a8) thrown at [C:\re\workspace\8-2-build-windows-i586-cygwin\jdk8u101\7261\hotspot\src\share\vm\runtime\sharedRuntime.cpp, line 605]
Event: 446.366 Thread 0x00d9d000 Exception <a 'java/lang/ArrayIndexOutOfBoundsException'> (0x04e513c8) thrown at [C:\re\workspace\8-2-build-windows-i586-cygwin\jdk8u101\7261\hotspot\src\share\vm\runtime\sharedRuntime.cpp, line 605]
Event: 446.368 Thread 0x00d9d000 Exception <a 'java/lang/ArrayIndexOutOfBoundsException'> (0x04e668f8) thrown at [C:\re\workspace\8-2-build-windows-i586-cygwin\jdk8u101\7261\hotspot\src\share\vm\runtime\sharedRuntime.cpp, line 605]
Event: 446.368 Thread 0x00d9d000 Exception <a 'java/lang/ArrayIndexOutOfBoundsException'> (0x04e66b18) thrown at [C:\re\workspace\8-2-build-windows-i586-cygwin\jdk8u101\7261\hotspot\src\share\vm\runtime\sharedRuntime.cpp, line 605]
Event: 446.368 Thread 0x00d9d000 Exception <a 'java/lang/ArrayIndexOutOfBoundsException'> (0x04e66d38) thrown at [C:\re\workspace\8-2-build-windows-i586-cygwin\jdk8u101\7261\hotspot\src\share\vm\runtime\sharedRuntime.cpp, line 605]
Event: 446.371 Thread 0x00d9d000 Exception <a 'java/lang/ArrayIndexOutOfBoundsException'> (0x04e7c308) thrown at [C:\re\workspace\8-2-build-windows-i586-cygwin\jdk8u101\7261\hotspot\src\share\vm\runtime\sharedRuntime.cpp, line 605]
Event: 446.371 Thread 0x00d9d000 Exception <a 'java/lang/ArrayIndexOutOfBoundsException'> (0x04e7c528) thrown at [C:\re\workspace\8-2-build-windows-i586-cygwin\jdk8u101\7261\hotspot\src\share\vm\runtime\sharedRuntime.cpp, line 605]
Event: 446.371 Thread 0x00d9d000 Exception <a 'java/lang/ArrayIndexOutOfBoundsException'> (0x04e7c748) thrown at [C:\re\workspace\8-2-build-windows-i586-cygwin\jdk8u101\7261\hotspot\src\share\vm\runtime\sharedRuntime.cpp, line 605]
Event: 446.371 Thread 0x00d9d000 Exception <a 'java/lang/ArrayIndexOutOfBoundsException'> (0x04e7c968) thrown at [C:\re\workspace\8-2-build-windows-i586-cygwin\jdk8u101\7261\hotspot\src\share\vm\runtime\sharedRuntime.cpp, line 605]
Event: 446.371 Thread 0x00d9d000 Exception <a 'java/lang/ArrayIndexOutOfBoundsException'> (0x04e7cb88) thrown at [C:\re\workspace\8-2-build-windows-i586-cygwin\jdk8u101\7261\hotspot\src\share\vm\runtime\sharedRuntime.cpp, line 605]

Events (10 events):
Event: 440.589 Executing VM operation: GenCollectForAllocation
Event: 440.596 Executing VM operation: GenCollectForAllocation done
Event: 441.887 Executing VM operation: GenCollectForAllocation
Event: 441.895 Executing VM operation: GenCollectForAllocation done
Event: 443.239 Executing VM operation: GenCollectForAllocation
Event: 443.251 Executing VM operation: GenCollectForAllocation done
Event: 445.507 Executing VM operation: GenCollectForAllocation
Event: 445.513 Executing VM operation: GenCollectForAllocation done
Event: 446.063 Executing VM operation: GenCollectForAllocation
Event: 446.071 Executing VM operation: GenCollectForAllocation done


Dynamic libraries:
0x010f0000 - 0x01123000 	C:\Program Files (x86)\Java\jdk1.8.0_101\bin\java.exe
0x76f10000 - 0x77093000 	C:\WINDOWS\SYSTEM32\ntdll.dll
0x74ad0000 - 0x74bb0000 	C:\WINDOWS\System32\KERNEL32.DLL
0x76300000 - 0x764a1000 	C:\WINDOWS\System32\KERNELBASE.dll
0x6b110000 - 0x6b1a2000 	C:\WINDOWS\system32\apphelp.dll
0x74150000 - 0x741c7000 	C:\WINDOWS\System32\ADVAPI32.dll
0x743f0000 - 0x744ae000 	C:\WINDOWS\System32\msvcrt.dll
0x74d00000 - 0x74d41000 	C:\WINDOWS\System32\sechost.dll
0x767e0000 - 0x768a1000 	C:\WINDOWS\System32\RPCRT4.dll
0x739d0000 - 0x739ee000 	C:\WINDOWS\System32\SspiCli.dll
0x739c0000 - 0x739ca000 	C:\WINDOWS\System32\CRYPTBASE.dll
0x73a50000 - 0x73aaa000 	C:\WINDOWS\System32\bcryptPrimitives.dll
0x76c30000 - 0x76d8f000 	C:\WINDOWS\System32\USER32.dll
0x73ab0000 - 0x73ac5000 	C:\WINDOWS\System32\win32u.dll
0x76260000 - 0x7628b000 	C:\WINDOWS\System32\GDI32.dll
0x73ff0000 - 0x7414b000 	C:\WINDOWS\System32\gdi32full.dll
0x6ac20000 - 0x6ae2a000 	C:\WINDOWS\WinSxS\x86_microsoft.windows.common-controls_6595b64144ccf1df_6.0.14393.447_none_89c64d28dafea4b9\COMCTL32.dll
0x741d0000 - 0x743e1000 	C:\WINDOWS\System32\combase.dll
0x76d90000 - 0x76e70000 	C:\WINDOWS\System32\ucrtbase.dll
0x76ee0000 - 0x76f05000 	C:\WINDOWS\System32\IMM32.DLL
0x55e70000 - 0x55f2f000 	C:\Program Files (x86)\Java\jdk1.8.0_101\jre\bin\msvcr100.dll
0x55aa0000 - 0x55e6c000 	C:\Program Files (x86)\Java\jdk1.8.0_101\jre\bin\client\jvm.dll
0x76290000 - 0x76296000 	C:\WINDOWS\System32\PSAPI.DLL
0x57580000 - 0x57588000 	C:\WINDOWS\SYSTEM32\WSOCK32.dll
0x76e70000 - 0x76ed3000 	C:\WINDOWS\System32\WS2_32.dll
0x6d7a0000 - 0x6d7c4000 	C:\WINDOWS\SYSTEM32\WINMM.dll
0x73220000 - 0x73228000 	C:\WINDOWS\SYSTEM32\VERSION.dll
0x6d770000 - 0x6d793000 	C:\WINDOWS\SYSTEM32\WINMMBASE.dll
0x76b70000 - 0x76ba6000 	C:\WINDOWS\System32\cfgmgr32.dll
0x56bb0000 - 0x56bbc000 	C:\Program Files (x86)\Java\jdk1.8.0_101\jre\bin\verify.dll
0x55a70000 - 0x55a91000 	C:\Program Files (x86)\Java\jdk1.8.0_101\jre\bin\java.dll
0x56860000 - 0x56873000 	C:\Program Files (x86)\Java\jdk1.8.0_101\jre\bin\zip.dll
0x74d50000 - 0x76129000 	C:\WINDOWS\System32\SHELL32.dll
0x74550000 - 0x74abe000 	C:\WINDOWS\System32\windows.storage.dll
0x73fa0000 - 0x73fe5000 	C:\WINDOWS\System32\powrprof.dll
0x73b20000 - 0x73b66000 	C:\WINDOWS\System32\shlwapi.dll
0x74ac0000 - 0x74acd000 	C:\WINDOWS\System32\kernel.appcore.dll
0x764b0000 - 0x76538000 	C:\WINDOWS\System32\shcore.dll
0x76250000 - 0x7625f000 	C:\WINDOWS\System32\profapi.dll
0x147d0000 - 0x147d7000 	C:\Program Files (x86)\JetBrains\IntelliJ IDEA Community Edition 2016.3.2\bin\breakgen.dll
0x55a50000 - 0x55a66000 	C:\Program Files (x86)\Java\jdk1.8.0_101\jre\bin\net.dll
0x6fec0000 - 0x6ff0e000 	C:\WINDOWS\system32\mswsock.dll
0x15e60000 - 0x15eaf000 	C:\Users\bodyi\IdeaProjects\Proj01(best name)\libs\lwjgl.dll
0x56740000 - 0x56820000 	C:\WINDOWS\SYSTEM32\OPENGL32.dll
0x56710000 - 0x56735000 	C:\WINDOWS\SYSTEM32\GLU32.dll
0x56620000 - 0x5670d000 	C:\WINDOWS\SYSTEM32\DDRAW.dll
0x56610000 - 0x56617000 	C:\WINDOWS\SYSTEM32\DCIMAN32.dll
0x73940000 - 0x739b5000 	C:\WINDOWS\system32\uxtheme.dll
0x768b0000 - 0x769e5000 	C:\WINDOWS\System32\MSCTF.dll
0x765d0000 - 0x76664000 	C:\WINDOWS\System32\OLEAUT32.dll
0x76bb0000 - 0x76c2b000 	C:\WINDOWS\System32\msvcp_win.dll
0x6e070000 - 0x6e0eb000 	C:\Program Files (x86)\Common Files\Microsoft Shared\Ink\tiptsf.dll
0x700e0000 - 0x700ff000 	C:\WINDOWS\system32\dwmapi.dll
0x16210000 - 0x16be8000 	C:\WINDOWS\SYSTEM32\ig9icd32.dll
0x69030000 - 0x69cbd000 	C:\WINDOWS\SYSTEM32\igc32.dll
0x73210000 - 0x7321f000 	C:\WINDOWS\SYSTEM32\WTSAPI32.dll
0x6d310000 - 0x6d395000 	C:\WINDOWS\SYSTEM32\mscms.dll
0x731f0000 - 0x7320a000 	C:\WINDOWS\SYSTEM32\USERENV.dll
0x5dd10000 - 0x5dd4d000 	C:\WINDOWS\SYSTEM32\icm32.dll
0x76540000 - 0x765c4000 	C:\WINDOWS\System32\clbcatq.dll
0x6a970000 - 0x6aac2000 	C:\Windows\System32\uiautomationcore.dll
0x6b080000 - 0x6b101000 	C:\WINDOWS\SYSTEM32\sxs.dll
0x70110000 - 0x70164000 	C:\Windows\System32\OLEACC.dll
0x74c10000 - 0x74cfa000 	C:\WINDOWS\System32\ole32.dll
0x6c3a0000 - 0x6c4e5000 	C:\Program Files (x86)\Java\jdk1.8.0_101\jre\bin\awt.dll
0x6e380000 - 0x6e393000 	C:\WINDOWS\SYSTEM32\CRYPTSP.dll
0x6e350000 - 0x6e37f000 	C:\WINDOWS\system32\rsaenh.dll
0x715b0000 - 0x715cb000 	C:\WINDOWS\SYSTEM32\bcrypt.dll
0x72a30000 - 0x72a5f000 	C:\WINDOWS\SYSTEM32\IPHLPAPI.DLL
0x73b70000 - 0x73b77000 	C:\WINDOWS\System32\NSI.dll
0x6ff20000 - 0x6ff33000 	C:\WINDOWS\SYSTEM32\dhcpcsvc6.DLL
0x72a10000 - 0x72a24000 	C:\WINDOWS\SYSTEM32\dhcpcsvc.DLL
0x56480000 - 0x5648f000 	C:\Program Files (x86)\Java\jdk1.8.0_101\jre\bin\nio.dll

VM Arguments:
jvm_args: -Djava.library.path=libs/ -Didea.launcher.port=7533 -Didea.launcher.bin.path=C:\Program Files (x86)\JetBrains\IntelliJ IDEA Community Edition 2016.3.2\bin -Dfile.encoding=UTF-8 
java_command: com.intellij.rt.execution.application.AppMain TilemapEditor
java_class_path (initial): C:\Program Files (x86)\Java\jdk1.8.0_101\jre\lib\charsets.jar;C:\Program Files (x86)\Java\jdk1.8.0_101\jre\lib\deploy.jar;C:\Program Files (x86)\Java\jdk1.8.0_101\jre\lib\ext\access-bridge-32.jar;C:\Program Files (x86)\Java\jdk1.8.0_101\jre\lib\ext\cldrdata.jar;C:\Program Files (x86)\Java\jdk1.8.0_101\jre\lib\ext\dnsns.jar;C:\Program Files (x86)\Java\jdk1.8.0_101\jre\lib\ext\jaccess.jar;C:\Program Files (x86)\Java\jdk1.8.0_101\jre\lib\ext\jfxrt.jar;C:\Program Files (x86)\Java\jdk1.8.0_101\jre\lib\ext\localedata.jar;C:\Program Files (x86)\Java\jdk1.8.0_101\jre\lib\ext\nashorn.jar;C:\Program Files (x86)\Java\jdk1.8.0_101\jre\lib\ext\sunec.jar;C:\Program Files (x86)\Java\jdk1.8.0_101\jre\lib\ext\sunjce_provider.jar;C:\Program Files (x86)\Java\jdk1.8.0_101\jre\lib\ext\sunmscapi.jar;C:\Program Files (x86)\Java\jdk1.8.0_101\jre\lib\ext\sunpkcs11.jar;C:\Program Files (x86)\Java\jdk1.8.0_101\jre\lib\ext\zipfs.jar;C:\Program Files (x86)\Java\jdk1.8.0_101\jre\lib\javaws.jar;C:\Program Files (x86)\Java\jdk1.8.0_101\jre\lib\jce.jar;C:\Program Files (x86)\Java\jdk1.8.0_101\jre\lib\jfr.jar;C:\Program Files (x86)\Java\jdk1.8.0_101\jre\lib\jfxswt.jar;C:\Program Files (x86)\Java\jdk1.8.0_101\jre\lib\jsse.jar;C:\Program Files (x86)\Java\jdk1.8.0_101\jre\lib\management-agent.jar;C:\Program Files (x86)\Java\jdk1.8.0_101\jre\lib\plugin.jar;C:\Program Files (x86)\Java\jdk1.8.0_101\jre\lib\resources.jar;C:\Program Files (x86)\Java\jdk1.8.0_101\jre\lib\rt.jar;C:\Users\bodyi\IdeaProjects\Proj01(best name)\out\production\Proj01(best name);C:\Users\bodyi\IdeaProjects\Proj01(best name)\src\Slick-Util\ibxm.jar;C:\Users\bodyi\IdeaProjects\Proj01(best name)\src\Slick-Util\lwjgl.jar;C:\Users\bodyi\IdeaProjects\Proj01(best name)\src\Slick-Util\jogg-0.0.7.jar;C:\Users\bodyi\IdeaProjects\Proj01(best name)\src\Slick-Util\lwjgl_util.jar;C:\Users\bodyi\IdeaProjects\Proj01(best name)\src\Slick-Util\slick-util.jar;C:\Users\bodyi\IdeaProjects\Proj01(best name)\src\Slick-Util\jo
Launcher Type: SUN_STANDARD

Environment Variables:
OS=Windows_NT
PROCESSOR_IDENTIFIER=Intel64 Family 6 Model 78 Stepping 3, GenuineIntel



---------------  S Y S T E M  ---------------

OS: Windows 10.0 , 64 bit Build 14393 (10.0.14393.0)

CPU:total 4 (2 cores per cpu, 2 threads per core) family 6 model 78 stepping 3, cmov, cx8, fxsr, mmx, sse, sse2, sse3, ssse3, sse4.1, sse4.2, popcnt, avx, avx2, aes, clmul, erms, 3dnowpref, lzcnt, ht, tsc, tscinvbit, bmi1, bmi2, adx

Memory: 4k page, physical 8180724k(1111404k free), swap 16753140k(2385556k free)

vm_info: Java HotSpot(TM) Client VM (25.101-b13) for windows-x86 JRE (1.8.0_101-b13), built on Jun 22 2016 00:45:44 by "java_re" with MS VC++ 10.0 (VS2010)

time: Sat Feb 11 19:32:15 2017
elapsed time: 446 seconds (0d 0h 7m 26s)

